<?xml version="1.0" encoding="UTF-8"?>
<!-- Generated by org.testng.reporters.JUnitReportReporter -->
<testsuite hostname="salims-MacBook-Pro.local" failures="0" tests="2" name="linkdpractice.Practicelinkdln" time="17.929" errors="0" timestamp="2020-12-03T15:12:56 EST" skipped="0">
  <testcase classname="linkdpractice.Practicelinkdln" name="A" time="6.467"/>
  <system-out/>
  <testcase classname="linkdpractice.Practicelinkdln" name="linkedin" time="11.462"/>
  <system-out/>
</testsuite> <!-- linkdpractice.Practicelinkdln -->
