<?xml version="1.0" encoding="UTF-8"?>
<!-- Generated by org.testng.reporters.JUnitReportReporter -->
<testsuite hostname="salims-MacBook-Pro.local" failures="0" tests="1" name="run.NewTest" time="0.211" errors="0" timestamp="2020-11-22T03:02:14 EST" skipped="0">
  <testcase classname="run.NewTest" name="f" time="0.211"/>
  <system-out/>
</testsuite> <!-- run.NewTest -->
