<?xml version="1.0" encoding="UTF-8"?>
<!-- Generated by org.testng.reporters.JUnitReportReporter -->
<testsuite hostname="salims-MacBook-Pro.local" failures="0" tests="1" name="run.Groups" time="0.003" errors="0" timestamp="2020-11-30T17:52:02 EST" skipped="0">
  <testcase classname="run.Groups" name="f" time="0.003"/>
  <system-out/>
</testsuite> <!-- run.Groups -->
