<?xml version="1.0" encoding="UTF-8"?>
<!-- Generated by org.testng.reporters.JUnitReportReporter -->
<testsuite hostname="salims-MacBook-Pro.local" failures="0" tests="2" name="run.NewFunctionacount" time="0.008" errors="0" timestamp="2020-11-22T01:03:26 EST" skipped="0">
  <testcase classname="run.NewFunctionacount" name="f" time="0.006"/>
  <system-out/>
  <testcase classname="run.NewFunctionacount" name="f6" time="0.002"/>
  <system-out/>
</testsuite> <!-- run.NewFunctionacount -->
