<?xml version="1.0" encoding="UTF-8"?>
<!-- Generated by org.testng.reporters.JUnitReportReporter -->
<testsuite hostname="salims-MacBook-Pro.local" failures="0" tests="3" name="run.Provider" time="44.442" errors="0" timestamp="2020-11-28T21:49:24 EST" skipped="0">
  <testcase classname="run.Provider" name="f" time="6.238"/>
  <system-out/>
  <testcase classname="run.Provider" name="f" time="8.455"/>
  <system-out/>
  <testcase classname="run.Provider" name="f" time="29.749"/>
  <system-out/>
</testsuite> <!-- run.Provider -->
